This is pdfTeX, Version 3.14159265-2.6-1.40.16 (TeX Live 2015/W32TeX) (preloaded format=pdflatex 2015.9.12)  12 JAN 2017 09:29
entering extended mode
 restricted \write18 enabled.
 %&-line parsing enabled.
**./OPP1.tex
(./OPP1.tex
LaTeX2e <2015/01/01> patch level 2
Babel <3.9m> and hyphenation patterns for 79 languages loaded.
(c:/Software/texlive/2015/texmf-dist/tex/latex/base/article.cls
Document Class: article 2014/09/29 v1.4h Standard LaTeX document class
(c:/Software/texlive/2015/texmf-dist/tex/latex/base/size11.clo
File: size11.clo 2014/09/29 v1.4h Standard LaTeX file (size option)
)
\c@part=\count79
\c@section=\count80
\c@subsection=\count81
\c@subsubsection=\count82
\c@paragraph=\count83
\c@subparagraph=\count84
\c@figure=\count85
\c@table=\count86
\abovecaptionskip=\skip41
\belowcaptionskip=\skip42
\bibindent=\dimen102
)
(./graphicx.sty
Package: graphicx 1999/02/16 v1.0f Enhanced LaTeX Graphics (DPC,SPQR)

(c:/Software/texlive/2015/texmf-dist/tex/latex/graphics/keyval.sty
Package: keyval 2014/10/28 v1.15 key=value parser (DPC)
\KV@toks@=\toks14
)
(c:/Software/texlive/2015/texmf-dist/tex/latex/graphics/graphics.sty
Package: graphics 2014/10/28 v1.0p Standard LaTeX Graphics (DPC,SPQR)

(c:/Software/texlive/2015/texmf-dist/tex/latex/graphics/trig.sty
Package: trig 1999/03/16 v1.09 sin cos tan (DPC)
)
(c:/Software/texlive/2015/texmf-dist/tex/latex/latexconfig/graphics.cfg
File: graphics.cfg 2010/04/23 v1.9 graphics configuration of TeX Live
)
Package graphics Info: Driver file: dvips.def on input line 94.

(c:/Software/texlive/2015/texmf-dist/tex/latex/graphics/dvips.def
File: dvips.def 2014/10/14 v3.0j Driver-dependent file (DPC,SPQR)
))
\Gin@req@height=\dimen103
\Gin@req@width=\dimen104
)
(./fullpage.sty
Package: fullpage 1994/02/15 v1.0 (PWD)
 (./ifthen.sty
Package: ifthen 1999/09/10 v1.1b Standard LaTeX ifthen package (DPC)
)
\FP@margin=\skip43
) (./pmetrika.sty
Package: pmetrika 2002/03/03 v1.1 (Psychometrika)
 (./indentfirst.sty
Package: indentfirst 1995/11/23 v1.03 Indent first paragraph (DPC)
)
\c@assumption=\count87
\c@axiom=\count88
\c@corollary=\count89
\c@definition=\count90
\c@example=\count91
\c@exercise=\count92
\c@lemma=\count93
\c@remark=\count94
\c@proposition=\count95
\c@theorem=\count96
\proofboxsep=\dimen105
\symboldgreekuc=\mathgroup4
\symboldgreek=\mathgroup5
)
(./pmbib.sty
Package: pmbib 2001/02/22 v1.1 (Psychometrika)
) (./OPP1.aux)
\openout1 = `OPP1.aux'.

LaTeX Font Info:    Checking defaults for OML/cmm/m/it on input line 28.
LaTeX Font Info:    ... okay on input line 28.
LaTeX Font Info:    Checking defaults for T1/cmr/m/n on input line 28.
LaTeX Font Info:    ... okay on input line 28.
LaTeX Font Info:    Checking defaults for OT1/cmr/m/n on input line 28.
LaTeX Font Info:    ... okay on input line 28.
LaTeX Font Info:    Checking defaults for OMS/cmsy/m/n on input line 28.
LaTeX Font Info:    ... okay on input line 28.
LaTeX Font Info:    Checking defaults for OMX/cmex/m/n on input line 28.
LaTeX Font Info:    ... okay on input line 28.
LaTeX Font Info:    Checking defaults for U/cmr/m/n on input line 28.
LaTeX Font Info:    ... okay on input line 28.

(c:/Software/texlive/2015/texmf-dist/tex/generic/oberdiek/pdftexcmds.sty
Package: pdftexcmds 2011/11/29 v0.20 Utility functions of pdfTeX for LuaTeX (HO
)

(c:/Software/texlive/2015/texmf-dist/tex/generic/oberdiek/infwarerr.sty
Package: infwarerr 2010/04/08 v1.3 Providing info/warning/error messages (HO)
)
(c:/Software/texlive/2015/texmf-dist/tex/generic/oberdiek/ifluatex.sty
Package: ifluatex 2010/03/01 v1.3 Provides the ifluatex switch (HO)
Package ifluatex Info: LuaTeX not detected.
)
(c:/Software/texlive/2015/texmf-dist/tex/generic/oberdiek/ltxcmds.sty
Package: ltxcmds 2011/11/09 v1.22 LaTeX kernel commands for general use (HO)
)
(c:/Software/texlive/2015/texmf-dist/tex/generic/oberdiek/ifpdf.sty
Package: ifpdf 2011/01/30 v2.3 Provides the ifpdf switch (HO)
Package ifpdf Info: pdfTeX in PDF mode is detected.
)
Package pdftexcmds Info: LuaTeX not detected.
Package pdftexcmds Info: \pdf@primitive is available.
Package pdftexcmds Info: \pdf@ifprimitive is available.
Package pdftexcmds Info: \pdfdraftmode found.
)
(c:/Software/texlive/2015/texmf-dist/tex/latex/oberdiek/epstopdf-base.sty
Package: epstopdf-base 2010/02/09 v2.5 Base part for package epstopdf

(c:/Software/texlive/2015/texmf-dist/tex/latex/oberdiek/grfext.sty
Package: grfext 2010/08/19 v1.1 Manage graphics extensions (HO)

(c:/Software/texlive/2015/texmf-dist/tex/generic/oberdiek/kvdefinekeys.sty
Package: kvdefinekeys 2011/04/07 v1.3 Define keys (HO)
))
(c:/Software/texlive/2015/texmf-dist/tex/latex/oberdiek/kvoptions.sty
Package: kvoptions 2011/06/30 v3.11 Key value format for package options (HO)

(c:/Software/texlive/2015/texmf-dist/tex/generic/oberdiek/kvsetkeys.sty
Package: kvsetkeys 2012/04/25 v1.16 Key value parser (HO)

(c:/Software/texlive/2015/texmf-dist/tex/generic/oberdiek/etexcmds.sty
Package: etexcmds 2011/02/16 v1.5 Avoid name clashes with e-TeX commands (HO)
Package etexcmds Info: Could not find \expanded.
(etexcmds)             That can mean that you are not using pdfTeX 1.50 or
(etexcmds)             that some package has redefined \expanded.
(etexcmds)             In the latter case, load this package earlier.
)))

Package epstopdf Warning: Drivers other than `pdftex.def' are not supported.

) [1

{c:/Software/texlive/2015/texmf-var/fonts/map/pdftex/updmap/pdftex.map}]
[2]
LaTeX Font Info:    External font `cmex10' loaded for size
(Font)              <9> on input line 123.
LaTeX Font Info:    External font `cmex10' loaded for size
(Font)              <6> on input line 123.
LaTeX Font Info:    External font `cmex10' loaded for size
(Font)              <5> on input line 123.
LaTeX Font Info:    Font shape `U/mp4/m/n' will be
(Font)              scaled to size 9.0pt on input line 123.
LaTeX Font Info:    Font shape `U/mp4/m/n' will be
(Font)              scaled to size 6.0pt on input line 123.
LaTeX Font Info:    Font shape `U/mp4/m/n' will be
(Font)              scaled to size 5.0pt on input line 123.
LaTeX Font Info:    Font shape `U/mp4sl/m/n' will be
(Font)              scaled to size 9.0pt on input line 123.
LaTeX Font Info:    Font shape `U/mp4sl/m/n' will be
(Font)              scaled to size 6.0pt on input line 123.
LaTeX Font Info:    Font shape `U/mp4sl/m/n' will be
(Font)              scaled to size 5.0pt on input line 123.


LaTeX Warning: `h' float specifier changed to `ht'.


LaTeX Warning: `h' float specifier changed to `ht'.


LaTeX Warning: `h' float specifier changed to `ht'.

[3] [4] [5

] [6]
LaTeX Font Info:    External font `cmex10' loaded for size
(Font)              <10.95> on input line 275.
LaTeX Font Info:    External font `cmex10' loaded for size
(Font)              <8> on input line 275.
LaTeX Font Info:    Font shape `U/mp4/m/n' will be
(Font)              scaled to size 10.95pt on input line 275.
LaTeX Font Info:    Font shape `U/mp4/m/n' will be
(Font)              scaled to size 8.0pt on input line 275.
LaTeX Font Info:    Font shape `U/mp4sl/m/n' will be
(Font)              scaled to size 10.95pt on input line 275.
LaTeX Font Info:    Font shape `U/mp4sl/m/n' will be
(Font)              scaled to size 8.0pt on input line 275.
 [7]
LaTeX Font Info:    Try loading font information for OMS+cmr on input line 319.


(c:/Software/texlive/2015/texmf-dist/tex/latex/base/omscmr.fd
File: omscmr.fd 2014/09/29 v2.5h Standard LaTeX font definitions
)
LaTeX Font Info:    Font shape `OMS/cmr/m/n' in size <10.95> not available
(Font)              Font shape `OMS/cmsy/m/n' tried instead on input line 319.
 [8] [9] [10]
(./OPP1.aux) ) 
Here is how much of TeX's memory you used:
 1285 strings out of 493091
 17360 string characters out of 6134517
 76045 words of memory out of 5000000
 4763 multiletter control sequences out of 15000+600000
 13833 words of font info for 46 fonts, out of 8000000 for 9000
 1144 hyphenation exceptions out of 8191
 37i,6n,21p,786b,221s stack positions out of 5000i,500n,10000p,200000b,80000s
<c:/Software/texlive/2015/texmf-dist/fonts/type1/public/amsfonts/
cm/cmbx10.pfb><c:/Software/texlive/2015/texmf-dist/fonts/type1/public/amsfonts/
cm/cmcsc10.pfb><c:/Software/texlive/2015/texmf-dist/fonts/type1/public/amsfonts
/cm/cmmi5.pfb><c:/Software/texlive/2015/texmf-dist/fonts/type1/public/amsfonts/
cm/cmmi6.pfb><c:/Software/texlive/2015/texmf-dist/fonts/type1/public/amsfonts/c
m/cmmi9.pfb><c:/Software/texlive/2015/texmf-dist/fonts/type1/public/amsfonts/cm
/cmr10.pfb><c:/Software/texlive/2015/texmf-dist/fonts/type1/public/amsfonts/cm/
cmr12.pfb><c:/Software/texlive/2015/texmf-dist/fonts/type1/public/amsfonts/cm/c
mr8.pfb><c:/Software/texlive/2015/texmf-dist/fonts/type1/public/amsfonts/cm/cmr
9.pfb><c:/Software/texlive/2015/texmf-dist/fonts/type1/public/amsfonts/cm/cmsl1
0.pfb><c:/Software/texlive/2015/texmf-dist/fonts/type1/public/amsfonts/cm/cmss8
.pfb><c:/Software/texlive/2015/texmf-dist/fonts/type1/public/amsfonts/cm/cmsy10
.pfb><c:/Software/texlive/2015/texmf-dist/fonts/type1/public/amsfonts/cm/cmsy9.
pfb><c:/Software/texlive/2015/texmf-dist/fonts/type1/public/amsfonts/cm/cmti10.
pfb><c:/Software/texlive/2015/texmf-dist/fonts/type1/public/amsfonts/cm/cmti8.p
fb><c:/Software/texlive/2015/texmf-dist/fonts/type1/public/amsfonts/cm/cmti9.pf
b>
Output written on OPP1.pdf (10 pages, 224959 bytes).
PDF statistics:
 101 PDF objects out of 1000 (max. 8388607)
 72 compressed objects within 1 object stream
 0 named destinations out of 1000 (max. 500000)
 1 words of extra memory for PDF output out of 10000 (max. 10000000)

